<?xml version="1.0" encoding="UTF-8"?>
<testng-results ignored="0" total="3" passed="3" failed="0" skipped="0">
  <reporter-output>
  </reporter-output>
  <suite started-at="2020-12-11T19:43:31 IST" name="Default suite" finished-at="2020-12-11T19:44:07 IST" duration-ms="35734">
    <groups>
    </groups>
    <test started-at="2020-12-11T19:43:31 IST" name="Default test" finished-at="2020-12-11T19:44:07 IST" duration-ms="35734">
      <class name="com.mobile.test.HS_Mobile_Test">
        <test-method is-config="true" signature="setUp()[pri:0, instance:com.mobile.test.HS_Mobile_Test@1534f01b]" started-at="2020-12-11T19:43:31 IST" name="setUp" finished-at="2020-12-11T19:43:59 IST" duration-ms="27552" status="PASS">
          <reporter-output>
          </reporter-output>
        </test-method> <!-- setUp -->
        <test-method signature="HS_PermissionScreen_TC_1()[pri:1, instance:com.mobile.test.HS_Mobile_Test@1534f01b]" started-at="2020-12-11T19:43:59 IST" name="HS_PermissionScreen_TC_1" description="1. Permission Screen Test for disabling Camera" finished-at="2020-12-11T19:44:05 IST" duration-ms="5949" status="PASS">
          <reporter-output>
          </reporter-output>
        </test-method> <!-- HS_PermissionScreen_TC_1 -->
        <test-method signature="HS_PermissionScreen_TC_2()[pri:2, instance:com.mobile.test.HS_Mobile_Test@1534f01b]" started-at="2020-12-11T19:44:05 IST" name="HS_PermissionScreen_TC_2" description="2. Permission Screen Test Case for disabling Storage" finished-at="2020-12-11T19:44:06 IST" duration-ms="740" status="PASS">
          <reporter-output>
          </reporter-output>
        </test-method> <!-- HS_PermissionScreen_TC_2 -->
        <test-method signature="HS_PermissionScreen_TC_3()[pri:3, instance:com.mobile.test.HS_Mobile_Test@1534f01b]" started-at="2020-12-11T19:44:06 IST" name="HS_PermissionScreen_TC_3" description="3. Permission Screen Test Case for disabling Microphone" finished-at="2020-12-11T19:44:06 IST" duration-ms="389" status="PASS">
          <reporter-output>
          </reporter-output>
        </test-method> <!-- HS_PermissionScreen_TC_3 -->
        <test-method is-config="true" signature="tearDown()[pri:0, instance:com.mobile.test.HS_Mobile_Test@1534f01b]" started-at="2020-12-11T19:44:06 IST" name="tearDown" finished-at="2020-12-11T19:44:07 IST" duration-ms="1077" status="PASS">
          <reporter-output>
          </reporter-output>
        </test-method> <!-- tearDown -->
      </class> <!-- com.mobile.test.HS_Mobile_Test -->
    </test> <!-- Default test -->
  </suite> <!-- Default suite -->
</testng-results>
