<?xml version="1.0" encoding="UTF-8"?>
<!-- Generated by org.testng.reporters.JUnitXMLReporter -->
<testsuite ignored="0" hostname="DESKTOP-FQ8EKQD" failures="0" tests="3" name="Default test" time="35.734" errors="0" timestamp="2020-12-11T19:44:07 IST">
  <testcase classname="com.mobile.test.HS_Mobile_Test" name="HS_PermissionScreen_TC_1" time="5.949"/>
  <testcase classname="com.mobile.test.HS_Mobile_Test" name="HS_PermissionScreen_TC_2" time="0.74"/>
  <testcase classname="com.mobile.test.HS_Mobile_Test" name="HS_PermissionScreen_TC_3" time="0.389"/>
</testsuite> <!-- Default test -->
