<?xml version="1.0" encoding="UTF-8"?>
<testng-results ignored="0" total="1" passed="1" failed="0" skipped="0">
  <reporter-output>
  </reporter-output>
  <suite started-at="2020-12-16T22:17:37 IST" name="Suite" finished-at="2020-12-16T22:18:22 IST" duration-ms="44851">
    <groups>
    </groups>
    <test started-at="2020-12-16T22:17:37 IST" name="Test" finished-at="2020-12-16T22:18:22 IST" duration-ms="44851">
      <class name="com.test.lib.TestLib">
        <test-method signature="HS_PermissionScreen_TC_1()[pri:1, instance:com.test.lib.TestLib@36c88a32]" started-at="2020-12-16T22:17:37 IST" name="HS_PermissionScreen_TC_1" description="1. Permission Screen Test for disabling Camera" finished-at="2020-12-16T22:18:22 IST" duration-ms="44822" status="PASS">
          <reporter-output>
          </reporter-output>
        </test-method> <!-- HS_PermissionScreen_TC_1 -->
      </class> <!-- com.test.lib.TestLib -->
    </test> <!-- Test -->
  </suite> <!-- Suite -->
</testng-results>
